build/app/intermediates/manifest_merge_blame_file/debug/manifest-merger-blame-debug-report.txt
1<?xml version="1.0" encoding="utf-8"?>
2<manifest xmlns:android="http://schemas.android.com/apk/res/android"
3    package="com.ykk.yoga_app"
4    android:versionCode="1"
5    android:versionName="1.0.0" >
6
7    <uses-sdk
8        android:minSdkVersion="21"
9        android:targetSdkVersion="31" />
10    <!--
11         The INTERNET permission is required for development. Specifically,
12         the Flutter tool needs it to communicate with the running application
13         to allow setting breakpoints, to provide hot reload, etc.
14    -->
15    <uses-permission android:name="android.permission.INTERNET" />
15-->src\debug\AndroidManifest.xml:7:5-66
15-->src\debug\AndroidManifest.xml:7:22-64
16    <uses-permission android:name="android.permission.CAMERA" />
16-->[:image_pickers] AndroidManifest.xml:9:5-65
16-->[:image_pickers] AndroidManifest.xml:9:22-62
17    <uses-permission android:name="android.permission.RECORD_AUDIO" />
17-->[:image_pickers] AndroidManifest.xml:10:5-71
17-->[:image_pickers] AndroidManifest.xml:10:22-68
18    <uses-permission android:name="android.permission.READ_EXTERNAL_STORAGE" />
18-->[:image_pickers] AndroidManifest.xml:11:5-80
18-->[:image_pickers] AndroidManifest.xml:11:22-77
19    <uses-permission android:name="android.permission.WRITE_EXTERNAL_STORAGE" />
19-->[:image_pickers] AndroidManifest.xml:12:5-81
19-->[:image_pickers] AndroidManifest.xml:12:22-78
20    <uses-permission android:name="android.permission.READ_MEDIA_IMAGES" />
20-->[:image_pickers] AndroidManifest.xml:14:5-76
20-->[:image_pickers] AndroidManifest.xml:14:22-73
21    <uses-permission android:name="android.permission.READ_MEDIA_AUDIO" />
21-->[:image_pickers] AndroidManifest.xml:15:5-75
21-->[:image_pickers] AndroidManifest.xml:15:22-72
22    <uses-permission android:name="android.permission.READ_MEDIA_VIDEO" />
22-->[:image_pickers] AndroidManifest.xml:16:5-75
22-->[:image_pickers] AndroidManifest.xml:16:22-72
23    <uses-permission android:name="android.permission.FOREGROUND_SERVICE" />
23-->[:image_pickers] AndroidManifest.xml:17:5-77
23-->[:image_pickers] AndroidManifest.xml:17:22-74
24
25    <queries package="com.ykk.yoga_app" >
25-->[:image_pickers] AndroidManifest.xml:19:5-28:15
25-->[:image_pickers] AndroidManifest.xml:19:14-40
26        <intent>
26-->[:image_pickers] AndroidManifest.xml:20:9-23:18
27            <action android:name="android.media.action.IMAGE_CAPTURE" >
27-->[:image_pickers] AndroidManifest.xml:21:13-22:22
27-->[:image_pickers] AndroidManifest.xml:21:21-70
28            </action>
29        </intent>
30        <intent>
30-->[:image_pickers] AndroidManifest.xml:24:9-27:18
31            <action android:name="android.media.action.ACTION_VIDEO_CAPTURE" >
31-->[:image_pickers] AndroidManifest.xml:25:13-26:22
31-->[:image_pickers] AndroidManifest.xml:25:21-77
32            </action>
33        </intent>
34    </queries>
35
36    <uses-permission android:name="android.permission.VIBRATE" />
36-->[:vibration] AndroidManifest.xml:9:5-66
36-->[:vibration] AndroidManifest.xml:9:22-63
37
38    <application
39        android:name="android.app.Application"
40        android:appComponentFactory="androidx.core.app.CoreComponentFactory"
40-->[androidx.core:core:1.6.0] AndroidManifest.xml:24:18-86
41        android:debuggable="true"
42        android:icon="@mipmap/ic_launcher"
43        android:label="yoga_app"
44        android:networkSecurityConfig="@xml/net_sec"
44-->[:image_pickers] AndroidManifest.xml:31:9-53
45        android:requestLegacyExternalStorage="true" >
45-->[:image_pickers] AndroidManifest.xml:32:9-52
46        <activity
47            android:name="com.example.yoga_app.MainActivity"
48            android:configChanges="orientation|keyboardHidden|keyboard|screenSize|smallestScreenSize|locale|layoutDirection|fontScale|screenLayout|density|uiMode"
49            android:exported="true"
50            android:hardwareAccelerated="true"
51            android:launchMode="singleTop"
52            android:theme="@style/LaunchTheme"
53            android:windowSoftInputMode="adjustResize" >
54
55            <!--
56                 Specifies an Android theme to apply to this Activity as soon as
57                 the Android process has started. This theme is visible to the user
58                 while the Flutter UI initializes. After that, this theme continues
59                 to determine the Window background behind the Flutter UI.
60            -->
61            <meta-data
62                android:name="io.flutter.embedding.android.NormalTheme"
63                android:resource="@style/NormalTheme" />
64
65            <intent-filter>
66                <action android:name="android.intent.action.MAIN" />
67
68                <category android:name="android.intent.category.LAUNCHER" />
69            </intent-filter>
70        </activity>
71        <!--
72             Don't delete the meta-data below.
73             This is used by the Flutter tool to generate GeneratedPluginRegistrant.java
74        -->
75        <meta-data
76            android:name="flutterEmbedding"
77            android:value="2" />
78        <!-- 适配9.0的系统 -->
79        <uses-library
79-->[:image_pickers] AndroidManifest.xml:35:9-37:40
80            android:name="org.apache.http.legacy"
80-->[:image_pickers] AndroidManifest.xml:36:13-50
81            android:required="false" /> <!-- 适配9.0的系统 -->
81-->[:image_pickers] AndroidManifest.xml:37:13-37
82        <activity
82-->[:image_pickers] AndroidManifest.xml:39:9-41:49
83            android:name="com.leeson.image_pickers.activitys.PermissionActivity"
83-->[:image_pickers] AndroidManifest.xml:40:13-81
84            android:theme="@style/TransTheme" />
84-->[:image_pickers] AndroidManifest.xml:41:13-46
85        <activity
85-->[:image_pickers] AndroidManifest.xml:42:9-44:49
86            android:name="com.leeson.image_pickers.activitys.SelectPicsActivity"
86-->[:image_pickers] AndroidManifest.xml:43:13-81
87            android:theme="@style/TransTheme" />
87-->[:image_pickers] AndroidManifest.xml:44:13-46
88        <activity
88-->[:image_pickers] AndroidManifest.xml:45:9-48:47
89            android:name="com.leeson.image_pickers.activitys.PhotosActivity"
89-->[:image_pickers] AndroidManifest.xml:46:13-77
90            android:screenOrientation="portrait"
90-->[:image_pickers] AndroidManifest.xml:47:13-49
91            android:theme="@style/AppTheme" />
91-->[:image_pickers] AndroidManifest.xml:48:13-44
92        <activity
92-->[:image_pickers] AndroidManifest.xml:49:9-52:47
93            android:name="com.leeson.image_pickers.activitys.VideoActivity"
93-->[:image_pickers] AndroidManifest.xml:50:13-76
94            android:configChanges="orientation|screenSize"
94-->[:image_pickers] AndroidManifest.xml:51:13-59
95            android:theme="@style/AppTheme" />
95-->[:image_pickers] AndroidManifest.xml:52:13-44
96
97        <uses-library
97-->[androidx.window:window:1.0.0-beta04] AndroidManifest.xml:25:9-27:40
98            android:name="androidx.window.extensions"
98-->[androidx.window:window:1.0.0-beta04] AndroidManifest.xml:26:13-54
99            android:required="false" />
99-->[androidx.window:window:1.0.0-beta04] AndroidManifest.xml:27:13-37
100        <uses-library
100-->[androidx.window:window:1.0.0-beta04] AndroidManifest.xml:28:9-30:40
101            android:name="androidx.window.sidecar"
101-->[androidx.window:window:1.0.0-beta04] AndroidManifest.xml:29:13-51
102            android:required="false" />
102-->[androidx.window:window:1.0.0-beta04] AndroidManifest.xml:30:13-37
103
104        <provider
104-->[io.github.lucksiege:pictureselector:v3.10.7] AndroidManifest.xml:10:9-18:20
105            android:name="com.luck.picture.lib.basic.PictureFileProvider"
105-->[io.github.lucksiege:pictureselector:v3.10.7] AndroidManifest.xml:11:13-74
106            android:authorities="com.ykk.yoga_app.luckProvider"
106-->[io.github.lucksiege:pictureselector:v3.10.7] AndroidManifest.xml:12:13-64
107            android:exported="false"
107-->[io.github.lucksiege:pictureselector:v3.10.7] AndroidManifest.xml:13:13-37
108            android:grantUriPermissions="true" >
108-->[io.github.lucksiege:pictureselector:v3.10.7] AndroidManifest.xml:14:13-47
109            <meta-data
109-->[io.github.lucksiege:pictureselector:v3.10.7] AndroidManifest.xml:15:13-17:57
110                android:name="android.support.FILE_PROVIDER_PATHS"
110-->[io.github.lucksiege:pictureselector:v3.10.7] AndroidManifest.xml:16:17-67
111                android:resource="@xml/ps_file_paths" />
111-->[io.github.lucksiege:pictureselector:v3.10.7] AndroidManifest.xml:17:17-54
112        </provider>
113
114        <service
114-->[io.github.lucksiege:pictureselector:v3.10.7] AndroidManifest.xml:20:9-23:56
115            android:name="com.luck.picture.lib.service.ForegroundService"
115-->[io.github.lucksiege:pictureselector:v3.10.7] AndroidManifest.xml:21:13-74
116            android:enabled="true"
116-->[io.github.lucksiege:pictureselector:v3.10.7] AndroidManifest.xml:22:13-35
117            android:foregroundServiceType="location" />
117-->[io.github.lucksiege:pictureselector:v3.10.7] AndroidManifest.xml:23:13-53
118
119        <activity
119-->[io.github.lucksiege:pictureselector:v3.10.7] AndroidManifest.xml:25:9-29:20
120            android:name="com.luck.picture.lib.basic.PictureSelectorSupporterActivity"
120-->[io.github.lucksiege:pictureselector:v3.10.7] AndroidManifest.xml:26:13-87
121            android:configChanges="orientation|keyboardHidden|screenSize"
121-->[io.github.lucksiege:pictureselector:v3.10.7] AndroidManifest.xml:27:13-74
122            android:theme="@style/Base.Theme.NoActionBar" >
122-->[io.github.lucksiege:pictureselector:v3.10.7] AndroidManifest.xml:28:13-58
123        </activity>
124        <activity
124-->[io.github.lucksiege:pictureselector:v3.10.7] AndroidManifest.xml:30:9-34:20
125            android:name="com.luck.picture.lib.basic.PictureSelectorTransparentActivity"
125-->[io.github.lucksiege:pictureselector:v3.10.7] AndroidManifest.xml:31:13-89
126            android:configChanges="orientation|keyboardHidden|screenSize"
126-->[io.github.lucksiege:pictureselector:v3.10.7] AndroidManifest.xml:32:13-74
127            android:theme="@style/Picture.Theme.Translucent" >
127-->[io.github.lucksiege:pictureselector:v3.10.7] AndroidManifest.xml:33:13-61
128        </activity>
129        <activity
129-->[io.github.lucksiege:ucrop:v3.10.7] AndroidManifest.xml:10:9-14:72
130            android:name="com.yalantis.ucrop.UCropActivity"
130-->[io.github.lucksiege:ucrop:v3.10.7] AndroidManifest.xml:11:13-60
131            android:configChanges="orientation|keyboardHidden|screenSize"
131-->[io.github.lucksiege:ucrop:v3.10.7] AndroidManifest.xml:12:13-74
132            android:screenOrientation="portrait"
132-->[io.github.lucksiege:ucrop:v3.10.7] AndroidManifest.xml:13:13-49
133            android:theme="@style/Theme.AppCompat.Light.NoActionBar" />
133-->[io.github.lucksiege:ucrop:v3.10.7] AndroidManifest.xml:14:13-69
134        <activity
134-->[io.github.lucksiege:ucrop:v3.10.7] AndroidManifest.xml:15:9-19:72
135            android:name="com.yalantis.ucrop.UCropMultipleActivity"
135-->[io.github.lucksiege:ucrop:v3.10.7] AndroidManifest.xml:16:13-68
136            android:configChanges="orientation|keyboardHidden|screenSize"
136-->[io.github.lucksiege:ucrop:v3.10.7] AndroidManifest.xml:17:13-74
137            android:screenOrientation="portrait"
137-->[io.github.lucksiege:ucrop:v3.10.7] AndroidManifest.xml:18:13-49
138            android:theme="@style/Theme.AppCompat.Light.NoActionBar" />
138-->[io.github.lucksiege:ucrop:v3.10.7] AndroidManifest.xml:19:13-69
139    </application>
140
141</manifest>